<?xml version="1.0" encoding="UTF-8"?>
<testsuite xmlns:xsi="http://www.w3.org/2001/XMLSchema-instance" xsi:schemaLocation="https://maven.apache.org/surefire/maven-surefire-plugin/xsd/surefire-test-report.xsd" name="TestSuite" time="15.432" tests="1" errors="0" skipped="0" failures="0">
  <properties>
    <property name="java.vendor" value="Oracle Corporation"/>
    <property name="JOB_NAME" value="DemoBaze"/>
    <property name="PWD" value="/Users/anupkapale"/>
    <property name="sun.java.launcher" value="SUN_STANDARD"/>
    <property name="sun.management.compiler" value="HotSpot 64-Bit Tiered Compilers"/>
    <property name="JENKINS_HOME" value="/Users/anupkapale/.jenkins"/>
    <property name="PATH" value="/usr/local/opt/mongodb@3.6/bin:/Library/Frameworks/Python.framework/Versions/3.7/bin:/usr/local/bin:/usr/bin:/bin:/usr/sbin:/sbin"/>
    <property name="LSCOLORS" value="Gxfxcxdxbxegedabagacad"/>
    <property name="HUDSON_SERVER_COOKIE" value="0965ab612b9948c6"/>
    <property name="POM_ARTIFACTID" value="BrowserStck"/>
    <property name="os.name" value="Mac OS X"/>
    <property name="TERM_PROGRAM" value="iTerm.app"/>
    <property name="sun.boot.class.path" value="/Library/Java/JavaVirtualMachines/jdk1.8.0_181.jdk/Contents/Home/jre/lib/resources.jar:/Library/Java/JavaVirtualMachines/jdk1.8.0_181.jdk/Contents/Home/jre/lib/rt.jar:/Library/Java/JavaVirtualMachines/jdk1.8.0_181.jdk/Contents/Home/jre/lib/sunrsasign.jar:/Library/Java/JavaVirtualMachines/jdk1.8.0_181.jdk/Contents/Home/jre/lib/jsse.jar:/Library/Java/JavaVirtualMachines/jdk1.8.0_181.jdk/Contents/Home/jre/lib/jce.jar:/Library/Java/JavaVirtualMachines/jdk1.8.0_181.jdk/Contents/Home/jre/lib/charsets.jar:/Library/Java/JavaVirtualMachines/jdk1.8.0_181.jdk/Contents/Home/jre/lib/jfr.jar:/Library/Java/JavaVirtualMachines/jdk1.8.0_181.jdk/Contents/Home/jre/classes"/>
    <property name="EXECUTOR_NUMBER" value="1"/>
    <property name="TERM_SESSION_ID" value="w0t0p0:016243BB-CA63-448C-A4A2-FFB76E601A42"/>
    <property name="COLORFGBG" value="7;0"/>
    <property name="java.vm.specification.vendor" value="Oracle Corporation"/>
    <property name="POM_DISPLAYNAME" value="BrowserStck"/>
    <property name="NODE_LABELS" value="master"/>
    <property name="java.runtime.version" value="1.8.0_181-b13"/>
    <property name="user.name" value="anupkapale"/>
    <property name="guice.disable.misplaced.annotation.check" value="true"/>
    <property name="SECURITYSESSIONID" value="186a9"/>
    <property name="user.language" value="en"/>
    <property name="JOB_BASE_NAME" value="DemoBaze"/>
    <property name="RUN_CHANGES_DISPLAY_URL" value="http://localhost:8080/job/DemoBaze/6/display/redirect?page=changes"/>
    <property name="BUILD_DISPLAY_NAME" value="#6"/>
    <property name="TMPDIR" value="/var/folders/xt/40gbcj9d3q18xdztl_wgzhlr0000gn/T/"/>
    <property name="sun.boot.library.path" value="/Library/Java/JavaVirtualMachines/jdk1.8.0_181.jdk/Contents/Home/jre/lib"/>
    <property name="GIT_PREVIOUS_SUCCESSFUL_COMMIT" value="99285fc181ef163f55d751b4b9c713c3fdc0cce7"/>
    <property name="java.version" value="1.8.0_181"/>
    <property name="XPC_FLAGS" value="0x0"/>
    <property name="user.timezone" value="Asia/Kolkata"/>
    <property name="sun.arch.data.model" value="64"/>
    <property name="NODE_NAME" value="master"/>
    <property name="TERM" value="xterm-256color"/>
    <property name="ZSH" value="/Users/anupkapale/.oh-my-zsh"/>
    <property name="http.nonProxyHosts" value="local|*.local|169.254/16|*.169.254/16"/>
    <property name="java.endorsed.dirs" value="/Library/Java/JavaVirtualMachines/jdk1.8.0_181.jdk/Contents/Home/jre/lib/endorsed"/>
    <property name="BUILD_ID" value="6"/>
    <property name="sun.cpu.isalist" value=""/>
    <property name="sun.jnu.encoding" value="UTF-8"/>
    <property name="file.encoding.pkg" value="sun.io"/>
    <property name="SHELL" value="/bin/zsh"/>
    <property name="file.separator" value="/"/>
    <property name="java.specification.name" value="Java Platform API Specification"/>
    <property name="maven.conf" value="/Users/anupkapale/.jenkins/tools/hudson.tasks.Maven_MavenInstallation/maven/conf"/>
    <property name="java.class.version" value="52.0"/>
    <property name="org.slf4j.simpleLogger.defaultLogLevel" value="info"/>
    <property name="user.country" value="IN"/>
    <property name="java.home" value="/Library/Java/JavaVirtualMachines/jdk1.8.0_181.jdk/Contents/Home/jre"/>
    <property name="java.vm.info" value="mixed mode"/>
    <property name="os.version" value="10.14.6"/>
    <property name="RUN_DISPLAY_URL" value="http://localhost:8080/job/DemoBaze/6/display/redirect"/>
    <property name="POM_VERSION" value="1.0-SNAPSHOT"/>
    <property name="sun.font.fontmanager" value="sun.font.CFontManager"/>
    <property name="path.separator" value=":"/>
    <property name="java.vm.version" value="25.181-b13"/>
    <property name="GIT_PREVIOUS_COMMIT" value="99285fc181ef163f55d751b4b9c713c3fdc0cce7"/>
    <property name="JOB_DISPLAY_URL" value="http://localhost:8080/job/DemoBaze/display/redirect"/>
    <property name="SHLVL" value="1"/>
    <property name="_" value="/usr/bin/java"/>
    <property name="java.awt.printerjob" value="sun.lwawt.macosx.CPrinterJob"/>
    <property name="sun.io.unicode.encoding" value="UnicodeBig"/>
    <property name="awt.toolkit" value="sun.lwawt.macosx.LWCToolkit"/>
    <property name="LOGNAME" value="anupkapale"/>
    <property name="socksNonProxyHosts" value="local|*.local|169.254/16|*.169.254/16"/>
    <property name="POM_PACKAGING" value="jar"/>
    <property name="ftp.nonProxyHosts" value="local|*.local|169.254/16|*.169.254/16"/>
    <property name="HOME" value="/Users/anupkapale"/>
    <property name="LC_TERMINAL_VERSION" value="3.3.11"/>
    <property name="POM_GROUPID" value="com.browserstack"/>
    <property name="user.home" value="/Users/anupkapale"/>
    <property name="BUILD_TAG" value="jenkins-DemoBaze-6"/>
    <property name="JENKINS_SERVER_COOKIE" value="0965ab612b9948c6"/>
    <property name="HUDSON_URL" value="http://localhost:8080/"/>
    <property name="XPC_SERVICE_NAME" value="0"/>
    <property name="java.specification.vendor" value="Oracle Corporation"/>
    <property name="CLASSPATH" value=""/>
    <property name="java.vendor.url" value="http://java.oracle.com/"/>
    <property name="java.library.path" value="/Users/anupkapale/Library/Java/Extensions:/Library/Java/Extensions:/Network/Library/Java/Extensions:/System/Library/Java/Extensions:/usr/lib/java:."/>
    <property name="LC_TERMINAL" value="iTerm2"/>
    <property name="Apple_PubSub_Socket_Render" value="/private/tmp/com.apple.launchd.3WVgffpEZs/Render"/>
    <property name="gopherProxySet" value="false"/>
    <property name="java.vm.vendor" value="Oracle Corporation"/>
    <property name="java.runtime.name" value="Java(TM) SE Runtime Environment"/>
    <property name="maven.home" value="/Users/anupkapale/.jenkins/tools/hudson.tasks.Maven_MavenInstallation/maven"/>
    <property name="java.class.path" value="/Users/anupkapale/.jenkins/plugins/maven-plugin/WEB-INF/lib/maven35-agent-1.12-alpha-1.jar:/Users/anupkapale/.jenkins/tools/hudson.tasks.Maven_MavenInstallation/maven/boot/plexus-classworlds-2.5.2.jar:/Users/anupkapale/.jenkins/tools/hudson.tasks.Maven_MavenInstallation/maven/conf/logging"/>
    <property name="sun.java.command" value="jenkins.maven3.agent.Maven35Main /Users/anupkapale/.jenkins/tools/hudson.tasks.Maven_MavenInstallation/maven /Users/anupkapale/.jenkins/war/WEB-INF/lib/remoting-4.2.jar /Users/anupkapale/.jenkins/plugins/maven-plugin/WEB-INF/lib/maven35-interceptor-1.12-alpha-1.jar /Users/anupkapale/.jenkins/plugins/maven-plugin/WEB-INF/lib/maven3-interceptor-commons-1.12-alpha-1.jar 50786"/>
    <property name="JAVA_MAIN_CLASS_1335" value="Main"/>
    <property name="java.vm.specification.name" value="Java Virtual Machine Specification"/>
    <property name="java.vm.specification.version" value="1.8"/>
    <property name="sun.os.patch.level" value="unknown"/>
    <property name="sun.cpu.endian" value="little"/>
    <property name="M2_HOME" value="/Users/anupkapale/.jenkins/tools/hudson.tasks.Maven_MavenInstallation/maven"/>
    <property name="java.io.tmpdir" value="/var/folders/xt/40gbcj9d3q18xdztl_wgzhlr0000gn/T/"/>
    <property name="HUDSON_HOME" value="/Users/anupkapale/.jenkins"/>
    <property name="PATH+MAVEN" value="/Users/anupkapale/.jenkins/tools/hudson.tasks.Maven_MavenInstallation/maven/bin"/>
    <property name="BUILD_URL" value="http://localhost:8080/job/DemoBaze/6/"/>
    <property name="java.vendor.url.bug" value="http://bugreport.sun.com/bugreport/"/>
    <property name="OLDPWD" value="/Users/anupkapale"/>
    <property name="PAGER" value="less"/>
    <property name="ITERM_PROFILE" value="Default"/>
    <property name="SSH_AUTH_SOCK" value="/private/tmp/com.apple.launchd.ldxKXOfCt3/Listeners"/>
    <property name="LC_CTYPE" value="UTF-8"/>
    <property name="java.awt.graphicsenv" value="sun.awt.CGraphicsEnvironment"/>
    <property name="os.arch" value="x86_64"/>
    <property name="com.apple.java.jvmTask" value="CommandLine"/>
    <property name="java.ext.dirs" value="/Users/anupkapale/Library/Java/Extensions:/Library/Java/JavaVirtualMachines/jdk1.8.0_181.jdk/Contents/Home/jre/lib/ext:/Library/Java/Extensions:/Network/Library/Java/Extensions:/System/Library/Java/Extensions:/usr/lib/java"/>
    <property name="__CF_USER_TEXT_ENCODING" value="0x1F5:0x0:0x0"/>
    <property name="user.dir" value="/Users/anupkapale/Desktop/assignttewtre/BrowserStck"/>
    <property name="JOB_URL" value="http://localhost:8080/job/DemoBaze/"/>
    <property name="line.separator" value="&#10;"/>
    <property name="JAVA_ARCH" value="x86_64"/>
    <property name="MAVEN_HOME" value="/Users/anupkapale/.jenkins/tools/hudson.tasks.Maven_MavenInstallation/maven"/>
    <property name="java.vm.name" value="Java HotSpot(TM) 64-Bit Server VM"/>
    <property name="BUILD_NUMBER" value="6"/>
    <property name="JENKINS_URL" value="http://localhost:8080/"/>
    <property name="TERM_PROGRAM_VERSION" value="3.3.11"/>
    <property name="GIT_BRANCH" value="origin/master"/>
    <property name="COLORTERM" value="truecolor"/>
    <property name="ITERM_SESSION_ID" value="w0t0p0:016243BB-CA63-448C-A4A2-FFB76E601A42"/>
    <property name="GIT_COMMIT" value="b580cc318589dcb7f6b5640a3e6db036dd95b21f"/>
    <property name="file.encoding" value="UTF-8"/>
    <property name="LESS" value="-R"/>
    <property name="maven3.interceptor" value="/Users/anupkapale/.jenkins/plugins/maven-plugin/WEB-INF/lib/maven35-interceptor-1.12-alpha-1.jar"/>
    <property name="WORKSPACE_TMP" value="/Users/anupkapale/.jenkins/workspace/DemoBaze@tmp"/>
    <property name="WORKSPACE" value="/Users/anupkapale/.jenkins/workspace/DemoBaze"/>
    <property name="maven3.interceptor.common" value="/Users/anupkapale/.jenkins/plugins/maven-plugin/WEB-INF/lib/maven3-interceptor-commons-1.12-alpha-1.jar"/>
    <property name="java.specification.version" value="1.8"/>
    <property name="USER" value="anupkapale"/>
    <property name="GIT_URL" value="https://github.com/KapaleAnup/DemoBlaze-Framwork"/>
  </properties>
  <testcase name="testListedProduct" classname="com.testcases.ProductSelectionTests" time="0.037"/>
</testsuite>