<?xml version="1.0" encoding="UTF-8"?>
<!-- Generated by org.testng.reporters.JUnitReportReporter -->
<testsuite skipped="0" hostname="Anups-MacBook-Pro.local" name="com.testcases.ContactUsPageTests" tests="1" failures="0" timestamp="27 Jun 2020 06:11:10 GMT" time="1.362" errors="0">
  <testcase name="testContactaUspage" time="1.362" classname="com.testcases.ContactUsPageTests"/>
</testsuite> <!-- com.testcases.ContactUsPageTests -->
