<?xml version="1.0" encoding="UTF-8"?>
<!-- Generated by org.testng.reporters.JUnitReportReporter -->
<testsuite skipped="0" hostname="Anups-MacBook-Pro.local" name="com.testcases.SignUpPageTests" tests="1" failures="0" timestamp="27 Jun 2020 06:11:25 GMT" time="1.331" errors="0">
  <testcase name="testSignupflow" time="1.331" classname="com.testcases.SignUpPageTests"/>
</testsuite> <!-- com.testcases.SignUpPageTests -->
