<?xml version="1.0" encoding="UTF-8"?>
<!-- Generated by org.testng.reporters.JUnitReportReporter -->
<testsuite skipped="0" hostname="Anups-MacBook-Pro.local" name="com.testcases.LoginPageTests" tests="1" failures="0" timestamp="27 Jun 2020 06:11:05 GMT" time="2.908" errors="0">
  <testcase name="testLoginPage" time="2.908" classname="com.testcases.LoginPageTests"/>
</testsuite> <!-- com.testcases.LoginPageTests -->
