<?xml version="1.0" encoding="UTF-8"?>
<!-- Generated by org.testng.reporters.JUnitReportReporter -->
<testsuite skipped="0" hostname="Anups-MacBook-Pro.local" name="com.testcases.LoginPageTests" tests="1" failures="0" timestamp="20 Jun 2020 04:48:10 GMT" time="1.223" errors="0">
  <testcase name="testLoginPage" time="1.223" classname="com.testcases.LoginPageTests"/>
</testsuite> <!-- com.testcases.LoginPageTests -->
