<?xml version="1.0" encoding="UTF-8"?>
<!-- Generated by org.testng.reporters.JUnitReportReporter -->
<testsuite skipped="0" hostname="Anups-MacBook-Pro.local" name="com.testcases.ProductSelectionTests" tests="1" failures="0" timestamp="27 Jun 2020 06:11:15 GMT" time="0.066" errors="0">
  <testcase name="testListedProduct" time="0.066" classname="com.testcases.ProductSelectionTests"/>
</testsuite> <!-- com.testcases.ProductSelectionTests -->
