<?xml version="1.0" encoding="UTF-8"?>
<!-- Generated by org.testng.reporters.JUnitReportReporter -->
<testsuite skipped="0" hostname="Anups-MacBook-Pro.local" name="com.testcases.CategarySelectionPageTests" tests="1" failures="0" timestamp="27 Jun 2020 06:11:20 GMT" time="0.151" errors="0">
  <testcase name="testselectCategory" time="0.151" classname="com.testcases.CategarySelectionPageTests"/>
</testsuite> <!-- com.testcases.CategarySelectionPageTests -->
