<?xml version="1.0" encoding="UTF-8"?>
<!-- Generated by org.testng.reporters.JUnitReportReporter -->
<testsuite skipped="0" hostname="Anups-MacBook-Pro.local" name="com.testcases.BannerPageTests" tests="1" failures="0" timestamp="27 Jun 2020 06:11:00 GMT" time="0.141" errors="0">
  <testcase name="testCrousalBanner" time="0.141" classname="com.testcases.BannerPageTests"/>
</testsuite> <!-- com.testcases.BannerPageTests -->
